[
  {
    "timestamp": "2025-09-24T01:54:12.767947",
    "message": "Starting FloFaction Nova Integration Process"
  },
  {
    "timestamp": "2025-09-24T01:54:13.876314",
    "message": "Error discovering tools from https://www.youtube.com/@AIExplained: Failed to start and initialize Playwright for NovaAct"
  },
  {
    "timestamp": "2025-09-24T01:54:14.457313",
    "message": "Error discovering tools from https://www.youtube.com/@TwoMinutePapers: Failed to start and initialize Playwright for NovaAct"
  },
  {
    "timestamp": "2025-09-24T01:54:14.962089",
    "message": "Error discovering tools from https://www.youtube.com/@lexfridman: Failed to start and initialize Playwright for NovaAct"
  },
  {
    "timestamp": "2025-09-24T01:54:15.399400",
    "message": "Error discovering tools from https://www.youtube.com/@sentdex: Failed to start and initialize Playwright for NovaAct"
  },
  {
    "timestamp": "2025-09-24T01:54:15.758327",
    "message": "Error discovering tools from https://www.youtube.com/@3Blue1Brown: Failed to start and initialize Playwright for NovaAct"
  }
]